This is pdfTeX, Version 3.14159265-2.6-1.40.19 (TeX Live 2018/W32TeX) (preloaded format=pdflatex 2018.9.22)  22 SEP 2018 16:38
entering extended mode
 restricted \write18 enabled.
 %&-line parsing enabled.
**Bernoulli-Number-Reshiram.tex
(./Bernoulli-Number-Reshiram.tex
LaTeX2e <2018-04-01> patch level 5

! LaTeX Error: Missing \begin{document}.

See the LaTeX manual or LaTeX Companion for explanation.
Type  H <return>  for immediate help.
 ...                                              
                                                  
l.1 \begin{enumerate}
                     
You're in trouble here.  Try typing  <return>  to proceed.
If that doesn't work, type  X <return>  to quit.


Overfull \hbox (20.0pt too wide) in paragraph at lines 1--1
[] 
 []


! Package inputenc Error: Unicode character 初 (U+521D)
(inputenc)                not set up for use with LaTeX.

See the inputenc package documentation for explanation.
Type  H <return>  for immediate help.
 ...                                              
                                                  
l.2 	\item 初
              始化：$B_0(n) = 1$
You may provide a definition with
\DeclareUnicodeCharacter 


! Package inputenc Error: Unicode character 始 (U+59CB)
(inputenc)                not set up for use with LaTeX.

See the inputenc package documentation for explanation.
Type  H <return>  for immediate help.
 ...                                              
                                                  
l.2 	\item 初始
                 化：$B_0(n) = 1$
You may provide a definition with
\DeclareUnicodeCharacter 


! Package inputenc Error: Unicode character 化 (U+5316)
(inputenc)                not set up for use with LaTeX.

See the inputenc package documentation for explanation.
Type  H <return>  for immediate help.
 ...                                              
                                                  
l.2 	\item 初始化
                    ：$B_0(n) = 1$
You may provide a definition with
\DeclareUnicodeCharacter 


! Package inputenc Error: Unicode character ： (U+FF1A)
(inputenc)                not set up for use with LaTeX.

See the inputenc package documentation for explanation.
Type  H <return>  for immediate help.
 ...                                              
                                                  
l.2 	\item 初始化：
                       $B_0(n) = 1$
You may provide a definition with
\DeclareUnicodeCharacter 

LaTeX Font Info:    External font `cmex10' loaded for size
(Font)              <7> on input line 2.
LaTeX Font Info:    External font `cmex10' loaded for size
(Font)              <5> on input line 2.

Overfull \hbox (36.40688pt too wide) in paragraph at lines 2--3
\OML/cmm/m/it/10 B[]\OT1/cmr/m/n/10 (\OML/cmm/m/it/10 n\OT1/cmr/m/n/10 ) =
 []


Overfull \hbox (5.00002pt too wide) in paragraph at lines 2--3
\OT1/cmr/m/n/10 1$ 
 []


! Package inputenc Error: Unicode character 递 (U+9012)
(inputenc)                not set up for use with LaTeX.

See the inputenc package documentation for explanation.
Type  H <return>  for immediate help.
 ...                                              
                                                  
l.3 	\item 递
              推公式：
You may provide a definition with
\DeclareUnicodeCharacter 


! Package inputenc Error: Unicode character 推 (U+63A8)
(inputenc)                not set up for use with LaTeX.

See the inputenc package documentation for explanation.
Type  H <return>  for immediate help.
 ...                                              
                                                  
l.3 	\item 递推
                 公式：
You may provide a definition with
\DeclareUnicodeCharacter 


! Package inputenc Error: Unicode character 公 (U+516C)
(inputenc)                not set up for use with LaTeX.

See the inputenc package documentation for explanation.
Type  H <return>  for immediate help.
 ...                                              
                                                  
l.3 	\item 递推公
                    式：
You may provide a definition with
\DeclareUnicodeCharacter 


! Package inputenc Error: Unicode character 式 (U+5F0F)
(inputenc)                not set up for use with LaTeX.

See the inputenc package documentation for explanation.
Type  H <return>  for immediate help.
 ...                                              
                                                  
l.3 	\item 递推公式
                       ：
You may provide a definition with
\DeclareUnicodeCharacter 


! Package inputenc Error: Unicode character ： (U+FF1A)
(inputenc)                not set up for use with LaTeX.

See the inputenc package documentation for explanation.
Type  H <return>  for immediate help.
 ...                                              
                                                  
l.3 	\item 递推公式：
                          
You may provide a definition with
\DeclareUnicodeCharacter 

! Undefined control sequence.
l.4 	\[B_m(n) = n^m - \sum_{k = 0}^{m - 1}\binom
                                                {m}{k} \frac{B_k(n)}{m - k +...
The control sequence at the end of the top line
of your error message was never \def'ed. If you have
misspelled it (e.g., `\hobx'), type `I' and the correct
spelling (e.g., `I\hbox'). Otherwise just continue,
and I'll forget about whatever was undefined.


Overfull \hbox (143.11597pt too wide) detected at line 4
\OML/cmm/m/it/10 B[]\OT1/cmr/m/n/10 (\OML/cmm/m/it/10 n\OT1/cmr/m/n/10 ) = \OML
/cmm/m/it/10 n[] \OMS/cmsy/m/n/10 ^^@ [] \OML/cmm/m/it/10 mk[]
 []


! Package inputenc Error: Unicode character 应 (U+5E94)
(inputenc)                not set up for use with LaTeX.

See the inputenc package documentation for explanation.
Type  H <return>  for immediate help.
 ...                                              
                                                  
l.5 	\item 应
              用：
You may provide a definition with
\DeclareUnicodeCharacter 


! Package inputenc Error: Unicode character 用 (U+7528)
(inputenc)                not set up for use with LaTeX.

See the inputenc package documentation for explanation.
Type  H <return>  for immediate help.
 ...                                              
                                                  
l.5 	\item 应用
                 ：
You may provide a definition with
\DeclareUnicodeCharacter 


! Package inputenc Error: Unicode character ： (U+FF1A)
(inputenc)                not set up for use with LaTeX.

See the inputenc package documentation for explanation.
Type  H <return>  for immediate help.
 ...                                              
                                                  
l.5 	\item 应用：
                    
You may provide a definition with
\DeclareUnicodeCharacter 

! Undefined control sequence.
l.6 ...k^m = \frac{1}{m + 1}\sum_{k = 0}^{m}\binom
                                                  {m + 1}{k}n^{m + 1 - k}\]
The control sequence at the end of the top line
of your error message was never \def'ed. If you have
misspelled it (e.g., `\hobx'), type `I' and the correct
spelling (e.g., `I\hbox'). Otherwise just continue,
and I'll forget about whatever was undefined.


Overfull \hbox (154.85959pt too wide) detected at line 6
[] \OML/cmm/m/it/10 k[] \OT1/cmr/m/n/10 = [] [] []\OML/cmm/m/it/10 kn[]
 []

)
! Emergency stop.
<*> Bernoulli-Number-Reshiram.tex
                                 
*** (job aborted, no legal \end found)

 
Here is how much of TeX's memory you used:
 19 strings out of 492641
 310 string characters out of 6133116
 57445 words of memory out of 5000000
 4006 multiletter control sequences out of 15000+600000
 3640 words of font info for 14 fonts, out of 8000000 for 9000
 1141 hyphenation exceptions out of 8191
 18i,1n,12p,125b,111s stack positions out of 5000i,500n,10000p,200000b,80000s
!  ==> Fatal error occurred, no output PDF file produced!
